<?xml version="1.0" encoding="UTF-8"?>
<!-- Generated by org.testng.reporters.JUnitReportReporter -->
<testsuite hostname="DESKTOP-OBCBSKS" failures="0" tests="4" name="testngpackage.Sampletestcase" time="0.017" errors="0" timestamp="2024-06-02T11:22:45 IST" skipped="0">
  <testcase classname="testngpackage.Sampletestcase" name="firstcase" time="0.010"/>
  <system-out/>
  <testcase classname="testngpackage.Sampletestcase" name="secondcase" time="0.002"/>
  <system-out/>
  <testcase classname="testngpackage.Sampletestcase" name="Thirdcase" time="0.003"/>
  <system-out/>
  <testcase classname="testngpackage.Sampletestcase" name="fourthcase" time="0.002"/>
  <system-out/>
</testsuite> <!-- testngpackage.Sampletestcase -->
