<?xml version="1.0" encoding="UTF-8"?>
<!-- Generated by org.testng.reporters.JUnitReportReporter -->
<testsuite hostname="DESKTOP-OBCBSKS" failures="0" tests="1" name="testngpackage.TestngClass" time="0.013" errors="0" timestamp="2024-05-09T22:56:13 IST" skipped="0">
  <testcase classname="testngpackage.TestngClass" name="get" time="0.013"/>
</testsuite> <!-- testngpackage.TestngClass -->
