<?xml version="1.0" encoding="UTF-8"?>
<!-- Generated by org.testng.reporters.JUnitReportReporter -->
<testsuite hostname="DESKTOP-OBCBSKS" failures="0" tests="3" name="testngpackage.SuiteExample" time="50.069" errors="0" timestamp="2024-06-02T12:35:12 IST" skipped="0">
  <testcase classname="testngpackage.SuiteExample" name="opengoogle" time="3.156"/>
  <system-out/>
  <testcase classname="testngpackage.SuiteExample" name="openbing" time="44.483"/>
  <system-out/>
  <testcase classname="testngpackage.SuiteExample" name="openyahoo" time="2.430"/>
  <system-out/>
</testsuite> <!-- testngpackage.SuiteExample -->
