<?xml version="1.0" encoding="UTF-8"?>
<!-- Generated by org.testng.reporters.JUnitReportReporter -->
<testsuite hostname="DESKTOP-OBCBSKS" failures="0" tests="1" name="testngpackage.Tradeviv_Testng" time="52.387" errors="0" timestamp="2024-06-03T17:01:32 IST" skipped="0">
  <testcase classname="testngpackage.Tradeviv_Testng" name="testLoginAndLogout" time="52.387"/>
  <system-out/>
</testsuite> <!-- testngpackage.Tradeviv_Testng -->
