<?xml version="1.0" encoding="UTF-8"?>
<!-- Generated by org.testng.reporters.JUnitReportReporter -->
<testsuite hostname="DESKTOP-OBCBSKS" failures="0" tests="1" name="testngpackage.HelloWorld" time="0.039" errors="0" timestamp="2024-06-02T10:59:30 IST" skipped="0">
  <testcase classname="testngpackage.HelloWorld" name="get" time="0.039"/>
</testsuite> <!-- testngpackage.HelloWorld -->
