<?xml version="1.0" encoding="UTF-8"?>
<!-- Generated by org.testng.reporters.JUnitReportReporter -->
<testsuite hostname="DESKTOP-OBCBSKS" failures="0" tests="5" name="testngpackage.DriveCar" time="0.021" errors="0" timestamp="2024-06-02T11:36:31 IST" skipped="0">
  <testcase classname="testngpackage.DriveCar" name="startthecar" time="0.010"/>
  <system-out/>
  <testcase classname="testngpackage.DriveCar" name="putfirstgear" time="0.002"/>
  <system-out/>
  <testcase classname="testngpackage.DriveCar" name="putsecondgear" time="0.004"/>
  <system-out/>
  <testcase classname="testngpackage.DriveCar" name="putthirdgear" time="0.003"/>
  <system-out/>
  <testcase classname="testngpackage.DriveCar" name="putfourthgear" time="0.002"/>
  <system-out/>
</testsuite> <!-- testngpackage.DriveCar -->
