<?xml version="1.0" encoding="UTF-8"?>
<!-- Generated by org.testng.reporters.JUnitReportReporter -->
<testsuite hostname="DESKTOP-OBCBSKS" failures="0" tests="2" name="testng_GoldRates_Base.BaseClass" time="12.283" errors="0" timestamp="2024-06-09T16:18:09 IST" skipped="0">
  <testcase classname="testng_GoldRates_Base.BaseClass" name="setUp" time="9.876"/>
  <system-out/>
  <testcase classname="testng_GoldRates_Base.BaseClass" name="tearDown" time="2.407"/>
  <system-out/>
</testsuite> <!-- testng_GoldRates_Base.BaseClass -->
