<?xml version="1.0" encoding="UTF-8"?>
<!-- Generated by org.testng.reporters.JUnitReportReporter -->
<testsuite hostname="DESKTOP-OBCBSKS" failures="0" tests="1" name="testng_GoldRates_Tests.TestClass" time="140.249" errors="0" timestamp="2024-06-11T17:33:57 IST" skipped="0">
  <testcase classname="testng_GoldRates_Tests.TestClass" name="extractGoldRatesToExcel" time="140.249"/>
  <system-out/>
</testsuite> <!-- testng_GoldRates_Tests.TestClass -->
